[LOG] System::create                           : Header version = 2.02.19. Current version = 2.02.19.
[LOG] Manager::init                            : maxchannels = 256 studioflags = 00000006 flags 00000000 extradriverdata 0000000000000000.
[LOG] SystemI::init                            : Initialize version=20219 (137979), maxchannels=256, flags=0x00020000
[LOG] SystemI::setOutputInternal               : Setting output to 'FMOD WASAPI Output'
[LOG] OutputWASAPI::init                       : Mix Format (WAVEFORMATEX): wFormatTag=0xFFFE, nChannels=2, nSamplesPerSec=44100, nAvgBytesPerSec=352800, nBlockAlign=8, wBitsPerSample=32, cbSize=22.
[LOG] OutputWASAPI::init                       : Mix Format (WAVEFORMATEXTENSIBLE): wValidBitsPerSample=32, dwChannelMask=0x00000003, SubFormat=00000003-0000-0010-8000-00AA00389B71.
[LOG] OutputWASAPI::init                       : Output buffer size: 3760 samples, latency: 0.00ms, period: 10.00ms, DSP buffer: 1024 * 4
[LOG] SystemI::init                            : Output requires a sample rate of 44100Hz, resampling will occur.
[LOG] Thread::initThread                       : Init FMOD stream thread. Affinity: 0x4000000000000003, Priority: 0xFFFF7FFB, Stack Size: 98304, Semaphore: No, Sleep Time: 10, Looping: Yes.
[LOG] Thread::initThread                       : Init FMOD mixer thread. Affinity: 0x4000000000000001, Priority: 0xFFFF7FFA, Stack Size: 81920, Semaphore: No, Sleep Time: 0, Looping: Yes.
[LOG] AsyncManager::init                       : manager 00000164A2DB70C8 isAsync 0 updatePeriod 0.02
[LOG] AsyncManager::init                       : done
[LOG] PlaybackSystem::init                     : 
[LOG] Thread::initThread                       : Init FMOD Studio sample load thread. Affinity: 0x4000000000000003, Priority: 0xFFFF7FFD, Stack Size: 98304, Semaphore: No, Sleep Time: 1, Looping: No.
[LOG] PlaybackSystem::init                     : done
[LOG] Thread::initThread                       : Init FMOD Studio bank load thread. Affinity: 0x4000000000000003, Priority: 0xFFFF7FFD, Stack Size: 98304, Semaphore: No, Sleep Time: 1, Looping: No.
[LOG] Manager::init                            : done.
[LOG] Manager::readBank                        : fileversion = 142, compatVersion = 140 (oldest = 44, newest = 142)
[LOG] Manager::readBank                        : fileversion = 142, compatVersion = 140 (oldest = 44, newest = 142)
[LOG] Manager::readBank                        : fileversion = 142, compatVersion = 140 (oldest = 44, newest = 142)
[LOG] PlaybackSystem::acquireMasterBus         : Setting master channel group format to 6
[LOG] Manager::readBank                        : fileversion = 142, compatVersion = 140 (oldest = 44, newest = 142)
[LOG] Manager::readBank                        : fileversion = 142, compatVersion = 140 (oldest = 44, newest = 142)
[LOG] PlaybackSystem::acquireMasterBus         : Setting master channel group format to 6
[LOG] SystemI::createSoundInternal             : Create name='', mode=0x02000202
[LOG] SystemI::createSoundInternal             : exinfo->cbsize             = 224
[LOG] SystemI::createSoundInternal             : exinfo->length             = 4992
[LOG] SystemI::createSoundInternal             : exinfo->fileoffset         = 1920
[LOG] SystemI::createSoundInternal             : exinfo->numsubsounds       = 1
[LOG] SystemI::createSoundInternal             : exinfo->inclusionlist      = 00000018C228F5D8
[LOG] SystemI::createSoundInternal             : exinfo->inclusionlistnum   = 1
[LOG] SystemI::createSoundInternal             : exinfo->suggestedsoundtype = 5
[LOG] SystemI::createSoundInternal             : exinfo->useropen           = 00007FFDC99B3F70
[LOG] SystemI::createSoundInternal             : exinfo->userclose          = 00007FFDC99B3F30
[LOG] SystemI::createSoundInternal             : exinfo->userread           = 00007FFDC99B4050
[LOG] SystemI::createSoundInternal             : exinfo->userseek           = 00007FFDC99B4110
[LOG] SystemI::createSoundInternal             : exinfo->fileuserdata       = 0000016496CD6B28
[LOG] SystemI::createSoundInternal             : exinfo->initialseekpostype = 1
[LOG] SystemI::DSPCodecPoolRegister            : register codec pool for pool type 5
[LOG] SystemI::createSoundInternal             : Sample 0/1: name='Card_Draw1', format=5, channels=2, frequency=48000, lengthbytes=4864, lengthpcm=21619, pcmblocksize=0, loopstart=0, loopend=0, mode=0x00000000, channelmask=0x00000000, channelorder=0, peakvolume=0.089447.
[LOG] SoundI::release                          :  (00000164A46CAF38)
[LOG] SoundI::release                          :     Card_Draw1 (000001634D206728)
[LOG] Manager::readBank                        : fileversion = 142, compatVersion = 140 (oldest = 44, newest = 142)
[LOG] Manager::readBank                        : fileversion = 142, compatVersion = 140 (oldest = 44, newest = 142)
[LOG] Manager::readBank                        : fileversion = 142, compatVersion = 140 (oldest = 44, newest = 142)
[LOG] PlaybackSystem::acquireMasterBus         : Setting master channel group format to 6
[LOG] Manager::readBank                        : fileversion = 142, compatVersion = 140 (oldest = 44, newest = 142)
[LOG] Manager::readBank                        : fileversion = 142, compatVersion = 140 (oldest = 44, newest = 142)
[LOG] PlaybackSystem::acquireMasterBus         : Setting master channel group format to 6
[LOG] SystemI::createSoundInternal             : Create name='', mode=0x02000202
[LOG] SystemI::createSoundInternal             : exinfo->cbsize             = 224
[LOG] SystemI::createSoundInternal             : exinfo->length             = 122560
[LOG] SystemI::createSoundInternal             : exinfo->fileoffset         = 5088
[LOG] SystemI::createSoundInternal             : exinfo->numsubsounds       = 1
[LOG] SystemI::createSoundInternal             : exinfo->inclusionlist      = 00000018C228F5D8
[LOG] SystemI::createSoundInternal             : exinfo->inclusionlistnum   = 1
[LOG] SystemI::createSoundInternal             : exinfo->suggestedsoundtype = 5
[LOG] SystemI::createSoundInternal             : exinfo->useropen           = 00007FFDC99B3F70
[LOG] SystemI::createSoundInternal             : exinfo->userclose          = 00007FFDC99B3F30
[LOG] SystemI::createSoundInternal             : exinfo->userread           = 00007FFDC99B4050
[LOG] SystemI::createSoundInternal             : exinfo->userseek           = 00007FFDC99B4110
[LOG] SystemI::createSoundInternal             : exinfo->fileuserdata       = 0000016480F116B8
[LOG] SystemI::createSoundInternal             : exinfo->initialseekpostype = 1
[LOG] SystemI::DSPCodecPoolRegister            : register codec pool for pool type 5
[LOG] SystemI::createSoundInternal             : Sample 0/1: name='Card_Attack', format=5, channels=2, frequency=48000, lengthbytes=27648, lengthpcm=108941, pcmblocksize=0, loopstart=0, loopend=0, mode=0x00000000, channelmask=0x00000000, channelorder=0, peakvolume=0.386902.
[LOG] SystemI::createSoundInternal             : Create name='', mode=0x02000202
[LOG] SystemI::createSoundInternal             : exinfo->cbsize             = 224
[LOG] SystemI::createSoundInternal             : exinfo->length             = 122560
[LOG] SystemI::createSoundInternal             : exinfo->fileoffset         = 5088
[LOG] SystemI::createSoundInternal             : exinfo->numsubsounds       = 1
[LOG] SystemI::createSoundInternal             : exinfo->inclusionlist      = 00000018C228F5D8
[LOG] SystemI::createSoundInternal             : exinfo->inclusionlistnum   = 1
[LOG] SystemI::createSoundInternal             : exinfo->suggestedsoundtype = 5
[LOG] SystemI::createSoundInternal             : exinfo->useropen           = 00007FFDC99B3F70
[LOG] SystemI::createSoundInternal             : exinfo->userclose          = 00007FFDC99B3F30
[LOG] SystemI::createSoundInternal             : exinfo->userread           = 00007FFDC99B4050
[LOG] SystemI::createSoundInternal             : exinfo->userseek           = 00007FFDC99B4110
[LOG] SystemI::createSoundInternal             : exinfo->fileuserdata       = 0000016480F116B8
[LOG] SystemI::createSoundInternal             : exinfo->initialseekpostype = 1
[LOG] SystemI::DSPCodecPoolRegister            : register codec pool for pool type 5
[LOG] SystemI::createSoundInternal             : Sample 0/1: name='Card_Death', format=5, channels=2, frequency=48000, lengthbytes=40832, lengthpcm=190171, pcmblocksize=0, loopstart=0, loopend=0, mode=0x00000000, channelmask=0x00000000, channelorder=0, peakvolume=0.094543.
[LOG] SystemI::createSoundInternal             : Create name='', mode=0x02000202
[LOG] SystemI::createSoundInternal             : exinfo->cbsize             = 224
[LOG] SystemI::createSoundInternal             : exinfo->length             = 122560
[LOG] SystemI::createSoundInternal             : exinfo->fileoffset         = 5088
[LOG] SystemI::createSoundInternal             : exinfo->numsubsounds       = 1
[LOG] SystemI::createSoundInternal             : exinfo->inclusionlist      = 00000018C228F5D8
[LOG] SystemI::createSoundInternal             : exinfo->inclusionlistnum   = 1
[LOG] SystemI::createSoundInternal             : exinfo->suggestedsoundtype = 5
[LOG] SystemI::createSoundInternal             : exinfo->useropen           = 00007FFDC99B3F70
[LOG] SystemI::createSoundInternal             : exinfo->userclose          = 00007FFDC99B3F30
[LOG] SystemI::createSoundInternal             : exinfo->userread           = 00007FFDC99B4050
[LOG] SystemI::createSoundInternal             : exinfo->userseek           = 00007FFDC99B4110
[LOG] SystemI::createSoundInternal             : exinfo->fileuserdata       = 0000016480F118C8
[LOG] SystemI::createSoundInternal             : exinfo->initialseekpostype = 1
[LOG] SystemI::DSPCodecPoolRegister            : register codec pool for pool type 5
[LOG] SystemI::createSoundInternal             : Sample 0/1: name='Card_Draw2', format=5, channels=2, frequency=48000, lengthbytes=4096, lengthpcm=17199, pcmblocksize=0, loopstart=0, loopend=0, mode=0x00000000, channelmask=0x00000000, channelorder=0, peakvolume=0.109344.
[LOG] SystemI::createSoundInternal             : Create name='', mode=0x02000202
[LOG] SystemI::createSoundInternal             : exinfo->cbsize             = 224
[LOG] SystemI::createSoundInternal             : exinfo->length             = 122560
[LOG] SystemI::createSoundInternal             : exinfo->fileoffset         = 5088
[LOG] SystemI::createSoundInternal             : exinfo->numsubsounds       = 1
[LOG] SystemI::createSoundInternal             : exinfo->inclusionlist      = 00000018C228F5D8
[LOG] SystemI::createSoundInternal             : exinfo->inclusionlistnum   = 1
[LOG] SystemI::createSoundInternal             : exinfo->suggestedsoundtype = 5
[LOG] SystemI::createSoundInternal             : exinfo->useropen           = 00007FFDC99B3F70
[LOG] SystemI::createSoundInternal             : exinfo->userclose          = 00007FFDC99B3F30
[LOG] SystemI::createSoundInternal             : exinfo->userread           = 00007FFDC99B4050
[LOG] SystemI::createSoundInternal             : exinfo->userseek           = 00007FFDC99B4110
[LOG] SystemI::createSoundInternal             : exinfo->fileuserdata       = 0000016480F118C8
[LOG] SystemI::createSoundInternal             : exinfo->initialseekpostype = 1
[LOG] SystemI::DSPCodecPoolRegister            : register codec pool for pool type 5
[LOG] SystemI::createSoundInternal             : Sample 0/1: name='Card_Draw3', format=5, channels=2, frequency=48000, lengthbytes=3520, lengthpcm=15049, pcmblocksize=0, loopstart=0, loopend=0, mode=0x00000000, channelmask=0x00000000, channelorder=0, peakvolume=0.080383.
[LOG] SystemI::createSoundInternal             : Create name='', mode=0x02000202
[LOG] SystemI::createSoundInternal             : exinfo->cbsize             = 224
[LOG] SystemI::createSoundInternal             : exinfo->length             = 122560
[LOG] SystemI::createSoundInternal             : exinfo->fileoffset         = 5088
[LOG] SystemI::createSoundInternal             : exinfo->numsubsounds       = 1
[LOG] SystemI::createSoundInternal             : exinfo->inclusionlist      = 00000018C228F5D8
[LOG] SystemI::createSoundInternal             : exinfo->inclusionlistnum   = 1
[LOG] SystemI::createSoundInternal             : exinfo->suggestedsoundtype = 5
[LOG] SystemI::createSoundInternal             : exinfo->useropen           = 00007FFDC99B3F70
[LOG] SystemI::createSoundInternal             : exinfo->userclose          = 00007FFDC99B3F30
[LOG] SystemI::createSoundInternal             : exinfo->userread           = 00007FFDC99B4050
[LOG] SystemI::createSoundInternal             : exinfo->userseek           = 00007FFDC99B4110
[LOG] SystemI::createSoundInternal             : exinfo->fileuserdata       = 0000016480F118C8
[LOG] SystemI::createSoundInternal             : exinfo->initialseekpostype = 1
[LOG] SystemI::DSPCodecPoolRegister            : register codec pool for pool type 5
[LOG] SystemI::createSoundInternal             : Sample 0/1: name='Card_Draw1', format=5, channels=2, frequency=48000, lengthbytes=4864, lengthpcm=21619, pcmblocksize=0, loopstart=0, loopend=0, mode=0x00000000, channelmask=0x00000000, channelorder=0, peakvolume=0.089447.
[LOG] SystemI::createSoundInternal             : Create name='', mode=0x02000202
[LOG] SystemI::createSoundInternal             : exinfo->cbsize             = 224
[LOG] SystemI::createSoundInternal             : exinfo->length             = 122560
[LOG] SystemI::createSoundInternal             : exinfo->fileoffset         = 5088
[LOG] SystemI::createSoundInternal             : exinfo->numsubsounds       = 1
[LOG] SystemI::createSoundInternal             : exinfo->inclusionlist      = 00000018C228F5D8
[LOG] SystemI::createSoundInternal             : exinfo->inclusionlistnum   = 1
[LOG] SystemI::createSoundInternal             : exinfo->suggestedsoundtype = 5
[LOG] SystemI::createSoundInternal             : exinfo->useropen           = 00007FFDC99B3F70
[LOG] SystemI::createSoundInternal             : exinfo->userclose          = 00007FFDC99B3F30
[LOG] SystemI::createSoundInternal             : exinfo->userread           = 00007FFDC99B4050
[LOG] SystemI::createSoundInternal             : exinfo->userseek           = 00007FFDC99B4110
[LOG] SystemI::createSoundInternal             : exinfo->fileuserdata       = 0000016480F11AD8
[LOG] SystemI::createSoundInternal             : exinfo->initialseekpostype = 1
[LOG] SystemI::DSPCodecPoolRegister            : register codec pool for pool type 5
[LOG] SystemI::createSoundInternal             : Sample 0/1: name='Door_Open', format=5, channels=2, frequency=48000, lengthbytes=41216, lengthpcm=168190, pcmblocksize=0, loopstart=0, loopend=0, mode=0x00000000, channelmask=0x00000000, channelorder=0, peakvolume=0.275635.
[LOG] SoundI::release                          :  (000001634A039128)
[LOG] SoundI::release                          :     Card_Attack (000001634EAAA0D8)
[LOG] SoundI::release                          :  (000001634A0382C8)
[LOG] SoundI::release                          :     Card_Death (00000163498F2768)
[LOG] SoundI::release                          :  (000001634A039578)
[LOG] SoundI::release                          :     Card_Draw3 (00000163498F2DE8)
[LOG] SoundI::release                          :  (0000016498854A68)
[LOG] SoundI::release                          :     Card_Draw1 (00000163498F2428)
[LOG] SoundI::release                          :  (000001634A039408)
[LOG] SoundI::release                          :     Card_Draw2 (00000163498F20E8)
[LOG] SoundI::release                          :  (0000016498856728)
[LOG] SoundI::release                          :     Door_Open (00000164A3878388)
